[26-Apr-2012 17:33:55] PHP Notice:  Use of undefined constant value - assumed 'value' in /home/httpd/webmaster-adm/public_html/form/index.php on line 369
[26-Apr-2012 17:33:55] PHP Notice:  Undefined variable: お名前 in /home/httpd/webmaster-adm/public_html/form/index.php on line 369
[26-Apr-2012 17:33:55] PHP Notice:  Use of undefined constant value - assumed 'value' in /home/httpd/webmaster-adm/public_html/form/index.php on line 370
[26-Apr-2012 17:33:55] PHP Notice:  Undefined variable: メールアドレス in /home/httpd/webmaster-adm/public_html/form/index.php on line 370
[26-Apr-2012 21:52:17] PHP Notice:  Use of undefined constant value - assumed 'value' in /home/httpd/webmaster-adm/public_html/form/index.php on line 369
[26-Apr-2012 21:52:17] PHP Notice:  Undefined variable: お名前 in /home/httpd/webmaster-adm/public_html/form/index.php on line 369
[26-Apr-2012 21:52:17] PHP Notice:  Use of undefined constant value - assumed 'value' in /home/httpd/webmaster-adm/public_html/form/index.php on line 370
[26-Apr-2012 21:52:17] PHP Notice:  Undefined variable: メールアドレス in /home/httpd/webmaster-adm/public_html/form/index.php on line 370
[26-Apr-2012 21:57:11] PHP Notice:  Use of undefined constant value - assumed 'value' in /home/httpd/webmaster-adm/public_html/form/index.php on line 369
[26-Apr-2012 21:57:11] PHP Notice:  Undefined variable: お名前 in /home/httpd/webmaster-adm/public_html/form/index.php on line 369
[26-Apr-2012 21:57:11] PHP Notice:  Use of undefined constant value - assumed 'value' in /home/httpd/webmaster-adm/public_html/form/index.php on line 370
[26-Apr-2012 21:57:11] PHP Notice:  Undefined variable: メールアドレス in /home/httpd/webmaster-adm/public_html/form/index.php on line 370
[26-Apr-2012 22:02:37] PHP Notice:  Use of undefined constant value - assumed 'value' in /home/httpd/webmaster-adm/public_html/form/index.php on line 369
[26-Apr-2012 22:02:37] PHP Notice:  Undefined variable: お名前 in /home/httpd/webmaster-adm/public_html/form/index.php on line 369
[26-Apr-2012 22:02:37] PHP Notice:  Use of undefined constant value - assumed 'value' in /home/httpd/webmaster-adm/public_html/form/index.php on line 370
[26-Apr-2012 22:02:37] PHP Notice:  Undefined variable: メールアドレス in /home/httpd/webmaster-adm/public_html/form/index.php on line 370
[29-Apr-2012 03:03:58] PHP Notice:  Use of undefined constant value - assumed 'value' in /home/httpd/webmaster-adm/public_html/form/index.php on line 369
[29-Apr-2012 03:03:58] PHP Notice:  Undefined variable: お名前 in /home/httpd/webmaster-adm/public_html/form/index.php on line 369
[29-Apr-2012 03:03:58] PHP Notice:  Use of undefined constant value - assumed 'value' in /home/httpd/webmaster-adm/public_html/form/index.php on line 370
[29-Apr-2012 03:03:58] PHP Notice:  Undefined variable: メールアドレス in /home/httpd/webmaster-adm/public_html/form/index.php on line 370
[29-Apr-2012 03:05:57] PHP Notice:  Use of undefined constant value - assumed 'value' in /home/httpd/webmaster-adm/public_html/form/index.php on line 369
[29-Apr-2012 03:05:57] PHP Notice:  Undefined variable: お名前 in /home/httpd/webmaster-adm/public_html/form/index.php on line 369
[29-Apr-2012 03:05:57] PHP Notice:  Use of undefined constant value - assumed 'value' in /home/httpd/webmaster-adm/public_html/form/index.php on line 370
[29-Apr-2012 03:05:57] PHP Notice:  Undefined variable: メールアドレス in /home/httpd/webmaster-adm/public_html/form/index.php on line 370
[29-Apr-2012 03:06:57] PHP Notice:  Use of undefined constant value - assumed 'value' in /home/httpd/webmaster-adm/public_html/form/index.php on line 369
[29-Apr-2012 03:06:57] PHP Notice:  Undefined variable: お名前 in /home/httpd/webmaster-adm/public_html/form/index.php on line 369
[29-Apr-2012 03:06:57] PHP Notice:  Use of undefined constant value - assumed 'value' in /home/httpd/webmaster-adm/public_html/form/index.php on line 370
[29-Apr-2012 03:06:57] PHP Notice:  Undefined variable: メールアドレス in /home/httpd/webmaster-adm/public_html/form/index.php on line 370
[29-Apr-2012 03:20:22] PHP Notice:  Undefined variable: お名前 in /home/httpd/webmaster-adm/public_html/form/index.php on line 369
[29-Apr-2012 03:20:22] PHP Notice:  Undefined variable: メールアドレス in /home/httpd/webmaster-adm/public_html/form/index.php on line 370
[29-Apr-2012 03:25:57] PHP Notice:  Undefined variable: お名前 in /home/httpd/webmaster-adm/public_html/form/index.php on line 369
[29-Apr-2012 03:25:57] PHP Notice:  Undefined variable: メールアドレス in /home/httpd/webmaster-adm/public_html/form/index.php on line 370
[29-Apr-2012 03:25:57] PHP Notice:  Use of undefined constant value - assumed 'value' in /home/httpd/webmaster-adm/public_html/form/index.php on line 372
[29-Apr-2012 03:25:57] PHP Notice:  Undefined variable: お名前 in /home/httpd/webmaster-adm/public_html/form/index.php on line 372
[29-Apr-2012 03:32:22] PHP Notice:  Undefined variable: params in /home/httpd/webmaster-adm/public_html/form/index.php on line 369
[29-Apr-2012 03:32:22] PHP Notice:  Undefined variable: params in /home/httpd/webmaster-adm/public_html/form/index.php on line 370
[29-Apr-2012 04:01:51] PHP Notice:  Undefined variable: params in /home/httpd/webmaster-adm/public_html/form/index.php on line 369
[29-Apr-2012 04:01:51] PHP Notice:  Undefined variable: params in /home/httpd/webmaster-adm/public_html/form/index.php on line 370
[29-Apr-2012 04:01:51] PHP Notice:  Undefined variable: params in /home/httpd/webmaster-adm/public_html/form/index.php on line 371
[29-Apr-2012 04:05:13] PHP Notice:  Undefined variable: params in /home/httpd/webmaster-adm/public_html/form/index.php on line 369
[29-Apr-2012 04:05:13] PHP Notice:  Use of undefined constant value - assumed 'value' in /home/httpd/webmaster-adm/public_html/form/index.php on line 369
[29-Apr-2012 04:05:13] PHP Notice:  Undefined variable: params in /home/httpd/webmaster-adm/public_html/form/index.php on line 370
[29-Apr-2012 04:05:13] PHP Notice:  Use of undefined constant value - assumed 'value' in /home/httpd/webmaster-adm/public_html/form/index.php on line 370
[29-Apr-2012 04:05:51] PHP Notice:  Undefined variable: params in /home/httpd/webmaster-adm/public_html/form/index.php on line 369
[29-Apr-2012 04:05:51] PHP Notice:  Undefined variable: params in /home/httpd/webmaster-adm/public_html/form/index.php on line 370
[29-Apr-2012 05:19:14] PHP Notice:  Undefined variable: params in /home/httpd/webmaster-adm/public_html/form/index.php on line 369
[29-Apr-2012 05:19:14] PHP Notice:  Use of undefined constant value - assumed 'value' in /home/httpd/webmaster-adm/public_html/form/index.php on line 369
[29-Apr-2012 05:19:14] PHP Notice:  Use of undefined constant nl2br - assumed 'nl2br' in /home/httpd/webmaster-adm/public_html/form/index.php on line 369
[29-Apr-2012 05:19:14] PHP Notice:  Undefined variable: params in /home/httpd/webmaster-adm/public_html/form/index.php on line 370
[29-Apr-2012 05:19:14] PHP Notice:  Use of undefined constant value - assumed 'value' in /home/httpd/webmaster-adm/public_html/form/index.php on line 370
[29-Apr-2012 05:19:14] PHP Notice:  Use of undefined constant nl2br - assumed 'nl2br' in /home/httpd/webmaster-adm/public_html/form/index.php on line 370
[29-Apr-2012 05:28:09] PHP Notice:  Undefined variable: body in /home/httpd/webmaster-adm/public_html/form/index.php on line 369
[29-Apr-2012 06:03:31] PHP Notice:  Undefined variable: params in /home/httpd/webmaster-adm/public_html/form/index.php on line 369
[29-Apr-2012 06:10:03] PHP Notice:  Undefined variable: params in /home/httpd/webmaster-adm/public_html/form/index.php on line 369
[29-Apr-2012 06:10:03] PHP Notice:  Use of undefined constant value - assumed 'value' in /home/httpd/webmaster-adm/public_html/form/index.php on line 369
[29-Apr-2012 06:19:23] PHP Notice:  Use of undefined constant value - assumed 'value' in /home/httpd/webmaster-adm/public_html/form/index.php on line 440
[29-Apr-2012 06:19:23] PHP Notice:  Use of undefined constant value - assumed 'value' in /home/httpd/webmaster-adm/public_html/form/index.php on line 440
[29-Apr-2012 06:19:23] PHP Notice:  Use of undefined constant value - assumed 'value' in /home/httpd/webmaster-adm/public_html/form/index.php on line 440
[29-Apr-2012 06:19:23] PHP Notice:  Use of undefined constant value - assumed 'value' in /home/httpd/webmaster-adm/public_html/form/index.php on line 440
[29-Apr-2012 06:19:23] PHP Notice:  Use of undefined constant value - assumed 'value' in /home/httpd/webmaster-adm/public_html/form/index.php on line 440
[29-Apr-2012 06:19:23] PHP Notice:  Use of undefined constant value - assumed 'value' in /home/httpd/webmaster-adm/public_html/form/index.php on line 440
[29-Apr-2012 06:19:23] PHP Notice:  Use of undefined constant value - assumed 'value' in /home/httpd/webmaster-adm/public_html/form/index.php on line 440
[29-Apr-2012 06:19:23] PHP Notice:  Use of undefined constant value - assumed 'value' in /home/httpd/webmaster-adm/public_html/form/index.php on line 440
[29-Apr-2012 06:19:25] PHP Notice:  Undefined variable: valuearray in /home/httpd/webmaster-adm/public_html/form/index.php on line 369
[29-Apr-2012 06:19:25] PHP Notice:  Use of undefined constant value - assumed 'value' in /home/httpd/webmaster-adm/public_html/form/index.php on line 440
[29-Apr-2012 06:19:25] PHP Notice:  Use of undefined constant value - assumed 'value' in /home/httpd/webmaster-adm/public_html/form/index.php on line 440
[29-Apr-2012 06:19:25] PHP Notice:  Use of undefined constant value - assumed 'value' in /home/httpd/webmaster-adm/public_html/form/index.php on line 440
[29-Apr-2012 06:19:25] PHP Notice:  Use of undefined constant value - assumed 'value' in /home/httpd/webmaster-adm/public_html/form/index.php on line 440
[29-Apr-2012 06:19:25] PHP Notice:  Use of undefined constant value - assumed 'value' in /home/httpd/webmaster-adm/public_html/form/index.php on line 440
[29-Apr-2012 06:19:25] PHP Notice:  Use of undefined constant value - assumed 'value' in /home/httpd/webmaster-adm/public_html/form/index.php on line 440
[29-Apr-2012 06:19:25] PHP Notice:  Use of undefined constant value - assumed 'value' in /home/httpd/webmaster-adm/public_html/form/index.php on line 440
[29-Apr-2012 06:19:25] PHP Notice:  Use of undefined constant value - assumed 'value' in /home/httpd/webmaster-adm/public_html/form/index.php on line 440
[29-Apr-2012 06:20:38] PHP Notice:  Undefined variable: valuearray in /home/httpd/webmaster-adm/public_html/form/index.php on line 369
[29-Apr-2012 06:34:22] PHP Notice:  Use of undefined constant MAIL_BODY1 - assumed 'MAIL_BODY1' in /home/httpd/webmaster-adm/public_html/form/index.php on line 466
[29-Apr-2012 06:34:22] PHP Warning:  fopen(MAIL_BODY1) [<a href='function.fopen'>function.fopen</a>]: failed to open stream: No such file or directory in /home/httpd/webmaster-adm/public_html/form/lib/tinyTemplate.php on line 68
[29-Apr-2012 06:38:22] PHP Notice:  Use of undefined constant value - assumed 'value' in /home/httpd/webmaster-adm/public_html/form/index.php on line 480
[29-Apr-2012 06:59:04] PHP Notice:  Use of undefined constant value - assumed 'value' in /home/httpd/webmaster-adm/public_html/form/index.php on line 418
[29-Apr-2012 06:59:04] PHP Notice:  Use of undefined constant value - assumed 'value' in /home/httpd/webmaster-adm/public_html/form/index.php on line 418
[29-Apr-2012 06:59:04] PHP Notice:  Use of undefined constant value - assumed 'value' in /home/httpd/webmaster-adm/public_html/form/index.php on line 418
[29-Apr-2012 06:59:04] PHP Notice:  Use of undefined constant value - assumed 'value' in /home/httpd/webmaster-adm/public_html/form/index.php on line 418
[29-Apr-2012 06:59:04] PHP Notice:  Use of undefined constant value - assumed 'value' in /home/httpd/webmaster-adm/public_html/form/index.php on line 418
[29-Apr-2012 06:59:04] PHP Notice:  Use of undefined constant value - assumed 'value' in /home/httpd/webmaster-adm/public_html/form/index.php on line 418
[29-Apr-2012 06:59:04] PHP Notice:  Use of undefined constant value - assumed 'value' in /home/httpd/webmaster-adm/public_html/form/index.php on line 418
[29-Apr-2012 06:59:04] PHP Notice:  Use of undefined constant value - assumed 'value' in /home/httpd/webmaster-adm/public_html/form/index.php on line 418
[29-Apr-2012 06:59:06] PHP Notice:  Use of undefined constant value - assumed 'value' in /home/httpd/webmaster-adm/public_html/form/index.php on line 418
[29-Apr-2012 06:59:06] PHP Notice:  Use of undefined constant value - assumed 'value' in /home/httpd/webmaster-adm/public_html/form/index.php on line 418
[29-Apr-2012 06:59:06] PHP Notice:  Use of undefined constant value - assumed 'value' in /home/httpd/webmaster-adm/public_html/form/index.php on line 418
[29-Apr-2012 06:59:06] PHP Notice:  Use of undefined constant value - assumed 'value' in /home/httpd/webmaster-adm/public_html/form/index.php on line 418
[29-Apr-2012 06:59:06] PHP Notice:  Use of undefined constant value - assumed 'value' in /home/httpd/webmaster-adm/public_html/form/index.php on line 418
[29-Apr-2012 06:59:06] PHP Notice:  Use of undefined constant value - assumed 'value' in /home/httpd/webmaster-adm/public_html/form/index.php on line 418
[29-Apr-2012 06:59:06] PHP Notice:  Use of undefined constant value - assumed 'value' in /home/httpd/webmaster-adm/public_html/form/index.php on line 418
[29-Apr-2012 06:59:06] PHP Notice:  Use of undefined constant value - assumed 'value' in /home/httpd/webmaster-adm/public_html/form/index.php on line 418
[29-Apr-2012 07:03:26] PHP Notice:  Undefined variable: test in /home/httpd/webmaster-adm/public_html/form/index.php on line 369
